#
# There is insufficient memory for the Java Runtime Environment to continue.
# Native memory allocation (malloc) failed to allocate 960336 bytes for Chunk::new
# Possible reasons:
#   The system is out of physical RAM or swap space
#   In 32 bit mode, the process size limit was hit
# Possible solutions:
#   Reduce memory load on the system
#   Increase physical memory or swap space
#   Check if swap backing store is full
#   Use 64 bit Java on a 64 bit OS
#   Decrease Java heap size (-Xmx/-Xms)
#   Decrease number of Java threads
#   Decrease Java thread stack sizes (-Xss)
#   Set larger code cache with -XX:ReservedCodeCacheSize=
# This output file may be truncated or incomplete.
#
#  Out of Memory Error (allocation.cpp:390), pid=4848, tid=0x0000000000001c7c
#
# JRE version: Java(TM) SE Runtime Environment (8.0_161-b12) (build 1.8.0_161-b12)
# Java VM: Java HotSpot(TM) 64-Bit Server VM (25.161-b12 mixed mode windows-amd64 compressed oops)
# Failed to write core dump. Minidumps are not enabled by default on client versions of Windows
#

---------------  T H R E A D  ---------------

Current thread (0x0000000019e9d000):  JavaThread "C2 CompilerThread1" daemon [_thread_in_native, id=7292, stack(0x000000001ba40000,0x000000001bb40000)]

Stack: [0x000000001ba40000,0x000000001bb40000]
[error occurred during error reporting (printing stack bounds), id 0xc0000005]

Native frames: (J=compiled Java code, j=interpreted, Vv=VM code, C=native code)


Current CompileTask:
C2:  71232 2740       4       oracle.jdbc.driver.T4CMAREngine::unmarshalCLR (331 bytes)


---------------  P R O C E S S  ---------------

Java Threads: ( => current thread )
  0x000000001c0a3000 JavaThread "AWT-EventQueue-0" [_thread_blocked, id=21004, stack(0x000000002a5b0000,0x000000002a6b0000)]
  0x000000001c0a5800 JavaThread "AWT-Shutdown" [_thread_blocked, id=10916, stack(0x000000002a4b0000,0x000000002a5b0000)]
  0x000000001c0a2800 JavaThread "MySQL Statement Cancellation Timer" daemon [_thread_blocked, id=2988, stack(0x0000000027510000,0x0000000027610000)]
  0x000000001d1c4800 JavaThread "AWT-Windows" daemon [_thread_in_native, id=18564, stack(0x000000001e420000,0x000000001e520000)]
  0x000000001d43d000 JavaThread "Java2D Disposer" daemon [_thread_blocked, id=7240, stack(0x000000001e220000,0x000000001e320000)]
  0x000000001b3d2800 JavaThread "Service Thread" daemon [_thread_blocked, id=10348, stack(0x000000001bc40000,0x000000001bd40000)]
  0x0000000019ea0000 JavaThread "C1 CompilerThread2" daemon [_thread_blocked, id=10456, stack(0x000000001bb40000,0x000000001bc40000)]
=>0x0000000019e9d000 JavaThread "C2 CompilerThread1" daemon [_thread_in_native, id=7292, stack(0x000000001ba40000,0x000000001bb40000)]
  0x0000000019e9a000 JavaThread "C2 CompilerThread0" daemon [_thread_blocked, id=19816, stack(0x000000001b940000,0x000000001ba40000)]
  0x0000000019e99000 JavaThread "Attach Listener" daemon [_thread_blocked, id=7440, stack(0x000000001b840000,0x000000001b940000)]
  0x000000001b383800 JavaThread "Signal Dispatcher" daemon [_thread_blocked, id=8152, stack(0x000000001b740000,0x000000001b840000)]
  0x000000000530d000 JavaThread "Finalizer" daemon [_thread_blocked, id=10504, stack(0x000000001b0e0000,0x000000001b1e0000)]
  0x0000000005301000 JavaThread "Reference Handler" daemon [_thread_blocked, id=12500, stack(0x000000001afe0000,0x000000001b0e0000)]
  0x0000000004d8e800 JavaThread "main" [_thread_in_native, id=21104, stack(0x0000000005110000,0x0000000005210000)]

Other Threads:
  0x0000000019e48000 VMThread [stack: 0x000000001aee0000,0x000000001afe0000] [id=20192]
  0x000000001b3f1800 WatcherThread [stack: 0x000000001bd40000,0x000000001be40000] [id=18688]

VM state:not at safepoint (normal execution)

VM Mutex/Monitor currently owned by a thread: None

Heap:
 PSYoungGen      total 59904K, used 25453K [0x00000000d5c00000, 0x00000000dbc00000, 0x0000000100000000)
  eden space 46592K, 27% used [0x00000000d5c00000,0x00000000d6899c28,0x00000000d8980000)
  from space 13312K, 94% used [0x00000000d9800000,0x00000000da441910,0x00000000da500000)
  to   space 14848K, 0% used [0x00000000d8980000,0x00000000d8980000,0x00000000d9800000)
 ParOldGen       total 57856K, used 39344K [0x0000000081400000, 0x0000000084c80000, 0x00000000d5c00000)
  object space 57856K, 68% used [0x0000000081400000,0x0000000083a6c120,0x0000000084c80000)
 Metaspace       used 24361K, capacity 24656K, committed 25088K, reserved 1071104K
  class space    used 2640K, capacity 2717K, committed 2816K, reserved 1048576K

Card table byte_map: [0x00000000146d0000,0x0000000014ad0000] byte_map_base: 0x00000000142c6000

Marking Bits: (ParMarkBitMap*) 0x000000005864f860
 Begin Bits: [0x0000000015180000, 0x0000000017130000)
 End Bits:   [0x0000000017130000, 0x00000000190e0000)

Polling page: 0x0000000004cd0000

CodeCache: size=245760Kb used=8742Kb max_used=8830Kb free=237017Kb
 bounds [0x0000000005310000, 0x0000000005be0000, 0x0000000014310000]
 total_blobs=3312 nmethods=2446 adapters=776
 compilation: enabled

Compilation events (10 events):
Event: 70.579 Thread 0x0000000019ea0000 nmethod 2735 0x00000000058a3390 code [0x00000000058a3540, 0x00000000058a3bd8]
Event: 70.795 Thread 0x0000000019ea0000 2736       3       org.eclipse.swt.widgets.Display::runAsyncMessages (9 bytes)
Event: 70.795 Thread 0x0000000019ea0000 nmethod 2736 0x00000000054cce50 code [0x00000000054ccfc0, 0x00000000054cd168]
Event: 71.081 Thread 0x0000000019ea0000 2737       1       org.eclipse.swt.widgets.Control::WM_ENTERIDLE (2 bytes)
Event: 71.081 Thread 0x0000000019ea0000 nmethod 2737 0x00000000058872d0 code [0x0000000005887420, 0x0000000005887530]
Event: 71.139 Thread 0x0000000019ea0000 2738       3       org.eclipse.swt.widgets.Shell::isEnabled (9 bytes)
Event: 71.139 Thread 0x0000000019ea0000 nmethod 2738 0x00000000058946d0 code [0x0000000005894840, 0x0000000005894bd8]
Event: 71.140 Thread 0x0000000019ea0000 2739       3       java.util.Hashtable::<init> (8 bytes)
Event: 71.140 Thread 0x0000000019ea0000 nmethod 2739 0x00000000058942d0 code [0x0000000005894460, 0x00000000058945e8]
Event: 71.167 Thread 0x0000000019e9d000 2740       4       oracle.jdbc.driver.T4CMAREngine::unmarshalCLR (331 bytes)

GC Heap History (10 events):
Event: 14.285 GC heap before
{Heap before GC invocations=7 (full 1):
 PSYoungGen      total 37888K, used 32768K [0x00000000d5c00000, 0x00000000da280000, 0x0000000100000000)
  eden space 32768K, 100% used [0x00000000d5c00000,0x00000000d7c00000,0x00000000d7c00000)
  from space 5120K, 0% used [0x00000000d7c80000,0x00000000d7c80000,0x00000000d8180000)
  to   space 10752K, 0% used [0x00000000d9800000,0x00000000d9800000,0x00000000da280000)
 ParOldGen       total 57856K, used 10673K [0x0000000081400000, 0x0000000084c80000, 0x00000000d5c00000)
  object space 57856K, 18% used [0x0000000081400000,0x0000000081e6c7c0,0x0000000084c80000)
 Metaspace       used 22985K, capacity 23256K, committed 23552K, reserved 1071104K
  class space    used 2478K, capacity 2553K, committed 2560K, reserved 1048576K
Event: 14.297 GC heap after
Heap after GC invocations=7 (full 1):
 PSYoungGen      total 60928K, used 8105K [0x00000000d5c00000, 0x00000000da900000, 0x0000000100000000)
  eden space 50176K, 0% used [0x00000000d5c00000,0x00000000d5c00000,0x00000000d8d00000)
  from space 10752K, 75% used [0x00000000d9800000,0x00000000d9fea708,0x00000000da280000)
  to   space 11264K, 0% used [0x00000000d8d00000,0x00000000d8d00000,0x00000000d9800000)
 ParOldGen       total 57856K, used 22831K [0x0000000081400000, 0x0000000084c80000, 0x00000000d5c00000)
  object space 57856K, 39% used [0x0000000081400000,0x0000000082a4bfe0,0x0000000084c80000)
 Metaspace       used 22985K, capacity 23256K, committed 23552K, reserved 1071104K
  class space    used 2478K, capacity 2553K, committed 2560K, reserved 1048576K
}
Event: 23.559 GC heap before
{Heap before GC invocations=8 (full 1):
 PSYoungGen      total 60928K, used 56802K [0x00000000d5c00000, 0x00000000da900000, 0x0000000100000000)
  eden space 50176K, 97% used [0x00000000d5c00000,0x00000000d8b8e3d8,0x00000000d8d00000)
  from space 10752K, 75% used [0x00000000d9800000,0x00000000d9fea708,0x00000000da280000)
  to   space 11264K, 0% used [0x00000000d8d00000,0x00000000d8d00000,0x00000000d9800000)
 ParOldGen       total 57856K, used 22831K [0x0000000081400000, 0x0000000084c80000, 0x00000000d5c00000)
  object space 57856K, 39% used [0x0000000081400000,0x0000000082a4bfe0,0x0000000084c80000)
 Metaspace       used 24263K, capacity 24592K, committed 24832K, reserved 1071104K
  class space    used 2634K, capacity 2717K, committed 2816K, reserved 1048576K
Event: 23.569 GC heap after
Heap after GC invocations=8 (full 1):
 PSYoungGen      total 60416K, used 11045K [0x00000000d5c00000, 0x00000000da400000, 0x0000000100000000)
  eden space 49152K, 0% used [0x00000000d5c00000,0x00000000d5c00000,0x00000000d8c00000)
  from space 11264K, 98% used [0x00000000d8d00000,0x00000000d97c9458,0x00000000d9800000)
  to   space 12288K, 0% used [0x00000000d9800000,0x00000000d9800000,0x00000000da400000)
 ParOldGen       total 57856K, used 33398K [0x0000000081400000, 0x0000000084c80000, 0x00000000d5c00000)
  object space 57856K, 57% used [0x0000000081400000,0x000000008349da68,0x0000000084c80000)
 Metaspace       used 24263K, capacity 24592K, committed 24832K, reserved 1071104K
  class space    used 2634K, capacity 2717K, committed 2816K, reserved 1048576K
}
Event: 23.842 GC heap before
{Heap before GC invocations=9 (full 1):
 PSYoungGen      total 60416K, used 55980K [0x00000000d5c00000, 0x00000000da400000, 0x0000000100000000)
  eden space 49152K, 91% used [0x00000000d5c00000,0x00000000d87e1d70,0x00000000d8c00000)
  from space 11264K, 98% used [0x00000000d8d00000,0x00000000d97c9458,0x00000000d9800000)
  to   space 12288K, 0% used [0x00000000d9800000,0x00000000d9800000,0x00000000da400000)
 ParOldGen       total 57856K, used 33398K [0x0000000081400000, 0x0000000084c80000, 0x00000000d5c00000)
  object space 57856K, 57% used [0x0000000081400000,0x000000008349da68,0x0000000084c80000)
 Metaspace       used 24264K, capacity 24592K, committed 24832K, reserved 1071104K
  class space    used 2635K, capacity 2717K, committed 2816K, reserved 1048576K
Event: 23.845 GC heap after
Heap after GC invocations=9 (full 1):
 PSYoungGen      total 61440K, used 4869K [0x00000000d5c00000, 0x00000000da400000, 0x0000000100000000)
  eden space 49152K, 0% used [0x00000000d5c00000,0x00000000d5c00000,0x00000000d8c00000)
  from space 12288K, 39% used [0x00000000d9800000,0x00000000d9cc1428,0x00000000da400000)
  to   space 11264K, 0% used [0x00000000d8d00000,0x00000000d8d00000,0x00000000d9800000)
 ParOldGen       total 57856K, used 33406K [0x0000000081400000, 0x0000000084c80000, 0x00000000d5c00000)
  object space 57856K, 57% used [0x0000000081400000,0x000000008349fa68,0x0000000084c80000)
 Metaspace       used 24264K, capacity 24592K, committed 24832K, reserved 1071104K
  class space    used 2635K, capacity 2717K, committed 2816K, reserved 1048576K
}
Event: 40.436 GC heap before
{Heap before GC invocations=10 (full 1):
 PSYoungGen      total 61440K, used 52154K [0x00000000d5c00000, 0x00000000da400000, 0x0000000100000000)
  eden space 49152K, 96% used [0x00000000d5c00000,0x00000000d8a2d6a8,0x00000000d8c00000)
  from space 12288K, 39% used [0x00000000d9800000,0x00000000d9cc1428,0x00000000da400000)
  to   space 11264K, 0% used [0x00000000d8d00000,0x00000000d8d00000,0x00000000d9800000)
 ParOldGen       total 57856K, used 33406K [0x0000000081400000, 0x0000000084c80000, 0x00000000d5c00000)
  object space 57856K, 57% used [0x0000000081400000,0x000000008349fa68,0x0000000084c80000)
 Metaspace       used 24310K, capacity 24592K, committed 24832K, reserved 1071104K
  class space    used 2638K, capacity 2717K, committed 2816K, reserved 1048576K
Event: 40.442 GC heap after
Heap after GC invocations=10 (full 1):
 PSYoungGen      total 59392K, used 10975K [0x00000000d5c00000, 0x00000000da500000, 0x0000000100000000)
  eden space 48128K, 0% used [0x00000000d5c00000,0x00000000d5c00000,0x00000000d8b00000)
  from space 11264K, 97% used [0x00000000d8d00000,0x00000000d97b7f78,0x00000000d9800000)
  to   space 13312K, 0% used [0x00000000d9800000,0x00000000d9800000,0x00000000da500000)
 ParOldGen       total 57856K, used 37846K [0x0000000081400000, 0x0000000084c80000, 0x00000000d5c00000)
  object space 57856K, 65% used [0x0000000081400000,0x00000000838f5aa8,0x0000000084c80000)
 Metaspace       used 24310K, capacity 24592K, committed 24832K, reserved 1071104K
  class space    used 2638K, capacity 2717K, committed 2816K, reserved 1048576K
}
Event: 40.721 GC heap before
{Heap before GC invocations=11 (full 1):
 PSYoungGen      total 59392K, used 57974K [0x00000000d5c00000, 0x00000000da500000, 0x0000000100000000)
  eden space 48128K, 97% used [0x00000000d5c00000,0x00000000d89e59a0,0x00000000d8b00000)
  from space 11264K, 97% used [0x00000000d8d00000,0x00000000d97b7f78,0x00000000d9800000)
  to   space 13312K, 0% used [0x00000000d9800000,0x00000000d9800000,0x00000000da500000)
 ParOldGen       total 57856K, used 37846K [0x0000000081400000, 0x0000000084c80000, 0x00000000d5c00000)
  object space 57856K, 65% used [0x0000000081400000,0x00000000838f5aa8,0x0000000084c80000)
 Metaspace       used 24311K, capacity 24592K, committed 24832K, reserved 1071104K
  class space    used 2638K, capacity 2717K, committed 2816K, reserved 1048576K
Event: 40.725 GC heap after
Heap after GC invocations=11 (full 1):
 PSYoungGen      total 59904K, used 12550K [0x00000000d5c00000, 0x00000000dbc00000, 0x0000000100000000)
  eden space 46592K, 0% used [0x00000000d5c00000,0x00000000d5c00000,0x00000000d8980000)
  from space 13312K, 94% used [0x00000000d9800000,0x00000000da441910,0x00000000da500000)
  to   space 14848K, 0% used [0x00000000d8980000,0x00000000d8980000,0x00000000d9800000)
 ParOldGen       total 57856K, used 39344K [0x0000000081400000, 0x0000000084c80000, 0x00000000d5c00000)
  object space 57856K, 68% used [0x0000000081400000,0x0000000083a6c120,0x0000000084c80000)
 Metaspace       used 24311K, capacity 24592K, committed 24832K, reserved 1071104K
  class space    used 2638K, capacity 2717K, committed 2816K, reserved 1048576K
}

Deoptimization events (10 events):
Event: 23.118 Thread 0x0000000004d8e800 Uncommon trap: reason=bimorphic action=maybe_recompile pc=0x0000000005b3b34c method=org.eclipse.swt.widgets.Control.windowProc(JIJJ)J @ 867
Event: 23.201 Thread 0x0000000004d8e800 Uncommon trap: reason=unstable_if action=reinterpret pc=0x00000000055f80fc method=oracle.sql.CharacterSet.convertUTFBytesToJavaChars([BI[CI[IZI)I @ 337
Event: 36.049 Thread 0x0000000004d8e800 Uncommon trap: reason=class_check action=maybe_recompile pc=0x0000000005b3bb0c method=org.eclipse.swt.widgets.Control.windowProc(JIJJ)J @ 1192
Event: 36.072 Thread 0x0000000004d8e800 Uncommon trap: reason=unstable_if action=reinterpret pc=0x000000000590ffbc method=org.eclipse.swt.widgets.Table.callWindowProc(JIJJZ)J @ 748
Event: 36.941 Thread 0x0000000004d8e800 Uncommon trap: reason=bimorphic action=maybe_recompile pc=0x0000000005bb710c method=org.eclipse.swt.widgets.Control.windowProc(JIJJ)J @ 1218
Event: 36.993 Thread 0x0000000004d8e800 Uncommon trap: reason=bimorphic action=maybe_recompile pc=0x0000000005bb7118 method=org.eclipse.swt.widgets.Control.windowProc(JIJJ)J @ 1231
Event: 37.172 Thread 0x0000000004d8e800 Uncommon trap: reason=bimorphic action=maybe_recompile pc=0x0000000005bb7118 method=org.eclipse.swt.widgets.Control.windowProc(JIJJ)J @ 1231
Event: 56.901 Thread 0x0000000004d8e800 Uncommon trap: reason=unloaded action=reinterpret pc=0x00000000054b5578 method=org.eclipse.swt.widgets.Table.windowProc(JIJJ)J @ 265
Event: 57.895 Thread 0x0000000004d8e800 Uncommon trap: reason=class_check action=maybe_recompile pc=0x0000000005bbba80 method=org.eclipse.swt.widgets.Control.windowProc(JIJJ)J @ 880
Event: 60.730 Thread 0x0000000004d8e800 Uncommon trap: reason=class_check action=maybe_recompile pc=0x0000000005bbba80 method=org.eclipse.swt.widgets.Control.windowProc(JIJJ)J @ 880

Classes redefined (0 events):
No events

Internal exceptions (10 events):
Event: 0.869 Thread 0x0000000004d8e800 Exception <a 'java/lang/NoSuchFieldError': method resolution failed> (0x00000000d67a6d40) thrown at [C:\re\workspace\8-2-build-windows-amd64-cygwin\jdk8u161\10277\hotspot\src\share\vm\prims\methodHandles.cpp, line 1167]
Event: 0.871 Thread 0x0000000004d8e800 Exception <a 'java/lang/NoSuchFieldError': method resolution failed> (0x00000000d67b40b0) thrown at [C:\re\workspace\8-2-build-windows-amd64-cygwin\jdk8u161\10277\hotspot\src\share\vm\prims\methodHandles.cpp, line 1167]
Event: 1.406 Thread 0x0000000004d8e800 Implicit null exception at 0x00000000055bbb96 to 0x00000000055bbf2d
Event: 11.822 Thread 0x0000000004d8e800 Exception <a 'java/io/FileNotFoundException'> (0x00000000d71cab58) thrown at [C:\re\workspace\8-2-build-windows-amd64-cygwin\jdk8u161\10277\hotspot\src\share\vm\prims\jni.cpp, line 709]
Event: 11.894 Thread 0x0000000004d8e800 Exception <a 'java/io/FileNotFoundException'> (0x00000000d737c648) thrown at [C:\re\workspace\8-2-build-windows-amd64-cygwin\jdk8u161\10277\hotspot\src\share\vm\prims\jni.cpp, line 709]
Event: 11.894 Thread 0x0000000004d8e800 Exception <a 'java/lang/NullPointerException'> (0x00000000d737ccb8) thrown at [C:\re\workspace\8-2-build-windows-amd64-cygwin\jdk8u161\10277\hotspot\src\share\vm\interpreter\linkResolver.cpp, line 1185]
Event: 14.018 Thread 0x0000000004d8e800 Implicit null exception at 0x0000000005486518 to 0x00000000054865a6
Event: 14.022 Thread 0x0000000004d8e800 Implicit null exception at 0x0000000005481c2f to 0x0000000005481c99
Event: 14.588 Thread 0x0000000004d8e800 Implicit null exception at 0x000000000544fc3f to 0x000000000544fea5
Event: 14.595 Thread 0x0000000004d8e800 Implicit null exception at 0x000000000553be9e to 0x000000000553c131

Events (10 events):
Event: 65.839 Thread 0x0000000019ea0000 flushing nmethod 0x0000000005ab5250
Event: 65.839 Thread 0x0000000019ea0000 flushing nmethod 0x0000000005ab5e10
Event: 65.839 Thread 0x0000000019ea0000 flushing nmethod 0x0000000005aba2d0
Event: 65.839 Thread 0x0000000019ea0000 flushing nmethod 0x0000000005aba7d0
Event: 65.839 Thread 0x0000000019ea0000 flushing nmethod 0x0000000005abac50
Event: 65.839 Thread 0x0000000019ea0000 flushing nmethod 0x0000000005abb410
Event: 67.425 Thread 0x0000000019ea0000 flushing nmethod 0x0000000005abec50
Event: 67.425 Thread 0x0000000019ea0000 flushing nmethod 0x0000000005abf210
Event: 67.425 Thread 0x0000000019ea0000 flushing nmethod 0x0000000005ade650
Event: 67.426 Thread 0x0000000019ea0000 flushing nmethod 0x0000000005ae1a10


Dynamic libraries:
0x00007ff79add0000 - 0x00007ff79ae07000 	E:\APP\JDK 1.8 destioation\bin\javaw.exe
0x00007ffa10da0000 - 0x00007ffa10f80000 	C:\WINDOWS\SYSTEM32\ntdll.dll
0x00007ffa0feb0000 - 0x00007ffa0ff5e000 	C:\WINDOWS\System32\KERNEL32.DLL
0x00007ffa0d2a0000 - 0x00007ffa0d506000 	C:\WINDOWS\System32\KERNELBASE.dll
0x00007ffa10cc0000 - 0x00007ffa10d61000 	C:\WINDOWS\System32\ADVAPI32.dll
0x00007ffa10390000 - 0x00007ffa1042d000 	C:\WINDOWS\System32\msvcrt.dll
0x00007ffa0e270000 - 0x00007ffa0e2cb000 	C:\WINDOWS\System32\sechost.dll
0x00007ffa10ba0000 - 0x00007ffa10cbf000 	C:\WINDOWS\System32\RPCRT4.dll
0x00007ffa10a10000 - 0x00007ffa10b9f000 	C:\WINDOWS\System32\USER32.dll
0x00007ffa0d560000 - 0x00007ffa0d580000 	C:\WINDOWS\System32\win32u.dll
0x00007ffa10450000 - 0x00007ffa10478000 	C:\WINDOWS\System32\GDI32.dll
0x00007ffa0d580000 - 0x00007ffa0d713000 	C:\WINDOWS\System32\gdi32full.dll
0x00007ffa0d200000 - 0x00007ffa0d29b000 	C:\WINDOWS\System32\msvcp_win.dll
0x00007ffa0d720000 - 0x00007ffa0d816000 	C:\WINDOWS\System32\ucrtbase.dll
0x00007ffa02270000 - 0x00007ffa024d9000 	C:\WINDOWS\WinSxS\amd64_microsoft.windows.common-controls_6595b64144ccf1df_6.0.16299.309_none_15cfd4c4935e6b11\COMCTL32.dll
0x00007ffa105b0000 - 0x00007ffa108b8000 	C:\WINDOWS\System32\combase.dll
0x00007ffa0e1f0000 - 0x00007ffa0e262000 	C:\WINDOWS\System32\bcryptPrimitives.dll
0x00007ffa0e7f0000 - 0x00007ffa0e81d000 	C:\WINDOWS\System32\IMM32.DLL
0x00000000586d0000 - 0x00000000587a2000 	E:\APP\JDK 1.8 destioation\bin\msvcr100.dll
0x0000000057e30000 - 0x00000000586cf000 	E:\APP\JDK 1.8 destioation\bin\server\jvm.dll
0x00007ffa10210000 - 0x00007ffa10218000 	C:\WINDOWS\System32\PSAPI.DLL
0x00007ff9f71f0000 - 0x00007ff9f71f9000 	C:\WINDOWS\SYSTEM32\WSOCK32.dll
0x00007ffa09d40000 - 0x00007ffa09d63000 	C:\WINDOWS\SYSTEM32\WINMM.dll
0x00007ffa0e820000 - 0x00007ffa0e88c000 	C:\WINDOWS\System32\WS2_32.dll
0x00007ffa09d10000 - 0x00007ffa09d3a000 	C:\WINDOWS\SYSTEM32\winmmbase.dll
0x00007ffa0d510000 - 0x00007ffa0d55a000 	C:\WINDOWS\System32\cfgmgr32.dll
0x00007ffa030f0000 - 0x00007ffa030fa000 	C:\WINDOWS\SYSTEM32\VERSION.dll
0x0000000059690000 - 0x000000005969f000 	E:\APP\JDK 1.8 destioation\bin\verify.dll
0x0000000059660000 - 0x0000000059689000 	E:\APP\JDK 1.8 destioation\bin\java.dll
0x0000000059640000 - 0x0000000059656000 	E:\APP\JDK 1.8 destioation\bin\zip.dll
0x00007ffa0e890000 - 0x00007ffa0fcc6000 	C:\WINDOWS\System32\SHELL32.dll
0x00007ffa0fe00000 - 0x00007ffa0fea6000 	C:\WINDOWS\System32\shcore.dll
0x00007ffa0d9f0000 - 0x00007ffa0e137000 	C:\WINDOWS\System32\windows.storage.dll
0x00007ffa0e780000 - 0x00007ffa0e7d1000 	C:\WINDOWS\System32\shlwapi.dll
0x00007ffa0d180000 - 0x00007ffa0d191000 	C:\WINDOWS\System32\kernel.appcore.dll
0x00007ffa0d130000 - 0x00007ffa0d17c000 	C:\WINDOWS\System32\powrprof.dll
0x00007ffa0d110000 - 0x00007ffa0d12b000 	C:\WINDOWS\System32\profapi.dll
0x000000001c640000 - 0x000000001c6e8000 	C:\Users\zc124\.swt\lib\win32\x86_64\swt-win32-4430.dll
0x00007ffa108c0000 - 0x00007ffa10a09000 	C:\WINDOWS\System32\ole32.dll
0x00007ffa104e0000 - 0x00007ffa105a5000 	C:\WINDOWS\System32\OLEAUT32.dll
0x00007ffa0ff60000 - 0x00007ffa1006a000 	C:\WINDOWS\System32\comdlg32.dll
0x00007ffa0d820000 - 0x00007ffa0d9ee000 	C:\WINDOWS\System32\CRYPT32.dll
0x00007ffa0d0f0000 - 0x00007ffa0d102000 	C:\WINDOWS\System32\MSASN1.dll
0x00007ffa08490000 - 0x00007ffa084a9000 	C:\WINDOWS\SYSTEM32\USP10.dll
0x00007ffa02e00000 - 0x00007ffa02e86000 	C:\WINDOWS\SYSTEM32\WINSPOOL.DRV
0x00007ff9f8dc0000 - 0x00007ff9f90f4000 	C:\WINDOWS\SYSTEM32\WININET.dll
0x00007ffa0c710000 - 0x00007ffa0c749000 	C:\WINDOWS\SYSTEM32\IPHLPAPI.DLL
0x00007ffa0cc50000 - 0x00007ffa0cc75000 	C:\WINDOWS\SYSTEM32\bcrypt.dll
0x00007ffa0b6b0000 - 0x00007ffa0b745000 	C:\WINDOWS\system32\uxtheme.dll
0x00007ffa10220000 - 0x00007ffa10387000 	C:\WINDOWS\System32\MSCTF.dll
0x00007ffa0b970000 - 0x00007ffa0b99a000 	C:\WINDOWS\system32\dwmapi.dll
0x0000000057c90000 - 0x0000000057e28000 	E:\APP\JDK 1.8 destioation\bin\awt.dll
0x00007ffa0b580000 - 0x00007ffa0b608000 	C:\WINDOWS\SYSTEM32\apphelp.dll
0x0000000057c70000 - 0x0000000057c8a000 	E:\APP\JDK 1.8 destioation\bin\net.dll
0x00007ffa0c980000 - 0x00007ffa0c9e6000 	C:\WINDOWS\system32\mswsock.dll
0x00007ffa0c750000 - 0x00007ffa0c806000 	C:\WINDOWS\SYSTEM32\DNSAPI.dll
0x00007ffa0fd70000 - 0x00007ffa0fd78000 	C:\WINDOWS\System32\NSI.dll
0x00007ffa00e50000 - 0x00007ffa00e5a000 	C:\Windows\System32\rasadhlp.dll
0x00007ffa00e90000 - 0x00007ffa00f00000 	C:\WINDOWS\System32\fwpuclnt.dll
0x00007ff9ee410000 - 0x00007ff9ee426000 	C:\WINDOWS\system32\napinsp.dll
0x00007ff9ede70000 - 0x00007ff9ede8a000 	C:\WINDOWS\system32\pnrpnsp.dll
0x00007ffa0a130000 - 0x00007ffa0a148000 	C:\WINDOWS\system32\NLAapi.dll
0x00007ff9ef710000 - 0x00007ff9ef71e000 	C:\WINDOWS\System32\winrnr.dll
0x00007ff9edd80000 - 0x00007ff9edd95000 	C:\WINDOWS\System32\wshbth.dll
0x00007ff9ff8f0000 - 0x00007ff9ff988000 	C:\WINDOWS\System32\TextInputFramework.dll
0x00007ffa08810000 - 0x00007ffa08afe000 	C:\WINDOWS\System32\CoreUIComponents.dll
0x00007ffa0b0c0000 - 0x00007ffa0b19c000 	C:\WINDOWS\System32\CoreMessaging.dll
0x00007ffa0c220000 - 0x00007ffa0c251000 	C:\WINDOWS\SYSTEM32\ntmarta.dll
0x00007ffa09490000 - 0x00007ffa095c6000 	C:\WINDOWS\SYSTEM32\wintypes.dll
0x00007ffa0fcd0000 - 0x00007ffa0fd6e000 	C:\WINDOWS\System32\clbcatq.dll
0x00007ff9e6dd0000 - 0x00007ff9e6ec2000 	C:\WINDOWS\system32\msctfuimanager.dll
0x00007ff9e3a10000 - 0x00007ff9e3bbe000 	C:\WINDOWS\system32\DUI70.dll
0x00007ff9e9540000 - 0x00007ff9e95d1000 	C:\WINDOWS\system32\DUser.dll
0x00007ff9fe3d0000 - 0x00007ff9fe5d6000 	C:\WINDOWS\SYSTEM32\UIAutomationCore.dll
0x00007ffa0cf50000 - 0x00007ffa0cfea000 	C:\WINDOWS\SYSTEM32\sxs.dll
0x00007ffa051e0000 - 0x00007ffa05229000 	C:\WINDOWS\System32\UIAnimation.dll
0x00007ffa02d90000 - 0x00007ffa02dfe000 	C:\Windows\System32\oleacc.dll
0x00007ff9fdca0000 - 0x00007ff9fdfaf000 	C:\WINDOWS\system32\dwrite.dll
0x00007ffa0a290000 - 0x00007ffa0a572000 	C:\WINDOWS\system32\d3d11.dll
0x00007ffa0bf50000 - 0x00007ffa0bfff000 	C:\WINDOWS\system32\dxgi.dll
0x00007ff9e1270000 - 0x00007ff9e19dc000 	C:\WINDOWS\SYSTEM32\D3D10Warp.dll
0x00007ffa0d020000 - 0x00007ffa0d049000 	C:\WINDOWS\SYSTEM32\USERENV.dll
0x00007ffa0a580000 - 0x00007ffa0a6c2000 	C:\WINDOWS\SYSTEM32\dcomp.dll
0x00007ff9fd450000 - 0x00007ff9fd4e3000 	C:\WINDOWS\system32\directmanipulation.dll
0x00007ffa06360000 - 0x00007ffa06395000 	C:\WINDOWS\system32\xmllite.dll
0x0000000057c20000 - 0x0000000057c67000 	E:\APP\JDK 1.8 destioation\bin\fontmanager.dll
0x00007ff9ef830000 - 0x00007ff9ef94e000 	C:\WINDOWS\system32\opengl32.dll
0x00007ff9efbf0000 - 0x00007ff9efc1c000 	C:\WINDOWS\SYSTEM32\GLU32.dll
0x0000000057c00000 - 0x0000000057c11000 	E:\APP\JDK 1.8 destioation\bin\nio.dll
0x0000000057bb0000 - 0x0000000057bf2000 	E:\APP\JDK 1.8 destioation\bin\t2k.dll
0x0000000057b80000 - 0x0000000057baa000 	E:\APP\JDK 1.8 destioation\bin\dcpr.dll
0x0000000057b40000 - 0x0000000057b71000 	E:\APP\JDK 1.8 destioation\bin\jpeg.dll
0x00007ffa0cb40000 - 0x00007ffa0cb57000 	C:\WINDOWS\SYSTEM32\CRYPTSP.dll
0x00007ffa0c580000 - 0x00007ffa0c5b3000 	C:\WINDOWS\system32\rsaenh.dll
0x00007ffa0cb60000 - 0x00007ffa0cb6b000 	C:\WINDOWS\SYSTEM32\CRYPTBASE.dll
0x00007ffa06720000 - 0x00007ffa06736000 	C:\WINDOWS\SYSTEM32\dhcpcsvc6.DLL
0x00007ffa07630000 - 0x00007ffa0764a000 	C:\WINDOWS\SYSTEM32\dhcpcsvc.DLL
0x00007ffa02e90000 - 0x00007ffa02e97000 	C:\WINDOWS\SYSTEM32\msimg32.dll

VM Arguments:
jvm_args: -Dfile.encoding=UTF-8 
java_command: com.yc.main.Login
java_class_path (initial): W:\eclipse workspace-64\RestaurantManageSystem\bin;W:\Java 课程软件包\4_eclipse\eclipse_64\eclipse\plugins\org.eclipse.osgi_3.10.2.v20150203-1939.jar;W:\Java 课程软件包\4_eclipse\eclipse_64\eclipse\plugins\org.eclipse.core.commands_3.6.100.v20140528-1422.jar;W:\Java 课程软件包\4_eclipse\eclipse_64\eclipse\plugins\org.eclipse.equinox.common_3.6.200.v20130402-1505.jar;W:\Java 课程软件包\4_eclipse\eclipse_64\eclipse\plugins\org.eclipse.equinox.registry_3.5.400.v20140428-1507.jar;W:\Java 课程软件包\4_eclipse\eclipse_64\eclipse\plugins\org.eclipse.core.runtime_3.10.0.v20140318-2214.jar;W:\Java 课程软件包\4_eclipse\eclipse_64\eclipse\plugins\org.eclipse.text_3.5.300.v20130515-1451.jar;W:\Java 课程软件包\4_eclipse\eclipse_64\eclipse\plugins\org.eclipse.swt.win32.win32.x86_64_3.103.2.v20150203-1351.jar;W:\Java 课程软件包\4_eclipse\eclipse_64\eclipse\plugins\org.eclipse.jface_3.10.2.v20141021-1035.jar;W:\Java 课程软件包\4_eclipse\eclipse_64\eclipse\plugins\org.eclipse.jface.text_3.9.2.v20141003-1326.jar;W:\Java 课程软件包\4_eclipse\eclipse_64\eclipse\plugins\org.eclipse.ui.workbench_3.106.2.v20150204-1030.jar;W:\Java 课程软件包\4_eclipse\eclipse_64\eclipse\plugins\com.ibm.icu_52.1.1.v201501240615.jar;W:\Java 课程软件包\4_eclipse\eclipse_64\eclipse\plugins\org.eclipse.ui.forms_3.6.100.v20140422-1825.jar;W:\eclipse workspace-64\RestaurantManageSystem\lib\sqljdbc42.jar;W:\eclipse workspace-64\RestaurantManageSystem\lib\jxl.jar;W:\eclipse workspace-64\RestaurantManageSystem\lib\mysql-connector-java-5.0.6-bin.jar;W:\eclipse workspace-64\RestaurantManageSystem\lib\jfreechart-1.0.16-experimental.jar;W:\eclipse workspace-64\RestaurantManageSystem\lib\jcommon-1.0.20.jar;W:\eclipse workspace-64\RestaurantManageSystem\lib\jfreechart-1.0.16.jar;W:\eclipse workspace-64\RestaurantManageSystem\lib\ojdbc14.jar
Launcher Type: SUN_STANDARD

Environment Variables:
JAVA_HOME=E:\APP\JDK 1.8
CLASSPATH=.;E:\APP\JDK 1.8\lib;E:\APP\JDK 1.8\lib\tools.jar
PATH=E:/APP/JDK 1.8/bin/../jre/bin/server;E:/APP/JDK 1.8/bin/../jre/bin;E:/APP/JDK 1.8/bin/../jre/lib/amd64;E:\APP\Oracle\product\11.2.0\dbhome_1\bin;C:\WINDOWS\system32;C:\WINDOWS;C:\WINDOWS\System32\Wbem;C:\WINDOWS\System32\WindowsPowerShell\v1.0\;E:\APP\SQLSQLServer\110\DTS\Binn\;E:\APP\SQLSQLServer\110\Tools\Binn\;E:\APP\SQLSQLServer\110\Tools\Binn\ManagementStudio\;C:\Program Files (x86)\Microsoft Visual Studio 10.0\Common7\IDE\PrivateAssemblies\;E:\APP\My SQL\bin;E:\APP\JDK 1.8\bin;C:\Users\zc124\AppData\Local\Microsoft\WindowsApps;;W:\Java 课程软件包\4_eclipse\eclipse_64\eclipse;
USERNAME=大白猫??????小地瓜
OS=Windows_NT
PROCESSOR_IDENTIFIER=Intel64 Family 6 Model 61 Stepping 4, GenuineIntel



---------------  S Y S T E M  ---------------

OS: Windows 10.0 , 64 bit Build 16299 (10.0.16299.15)

CPU:total 4 (initial active 4) (2 cores per cpu, 2 threads per core) family 6 model 61 stepping 4, cmov, cx8, fxsr, mmx, sse, sse2, sse3, ssse3, sse4.1, sse4.2, popcnt, avx, avx2, aes, clmul, erms, 3dnowpref, lzcnt, ht, tsc, tscinvbit, bmi1, bmi2, adx

Memory: 4k page, physical 8300688k(318756k free), swap 27780340k(6052k free)

vm_info: Java HotSpot(TM) 64-Bit Server VM (25.161-b12) for windows-amd64 JRE (1.8.0_161-b12), built on Dec 19 2017 17:52:25 by "java_re" with MS VC++ 10.0 (VS2010)

time: Sat Mar 31 20:31:44 2018
elapsed time: 71 seconds (0d 0h 1m 11s)

